<?xml version="1.0" encoding="UTF-8"?>
<!-- Generated by org.testng.reporters.JUnitXMLReporter -->
<testsuite ignored="1" hostname="abhishreshthag-w" failures="0" tests="3" name="Default test" time="0.044" errors="0" timestamp="2023-07-06T15:32:53 IST">
  <testcase classname="com.Test.Day3" name="APiCarLogin" time="0.005"/>
  <testcase classname="com.Test.Day3" name="WebCarlogin" time="0.001"/>
  <testcase classname="com.Test.Day3" name="MobileCarLogin" time="0.001"/>
  <testcase classname="com.Test.Day3" name="AndroiCarLogin" time="0.0">
    <ignored/>
  </testcase> <!-- AndroiCarLogin -->
</testsuite> <!-- Default test -->
