<?xml version="1.0" encoding="UTF-8"?>
<!-- Generated by org.testng.reporters.JUnitXMLReporter -->
<testsuite ignored="1" hostname="abhishreshthag-w" failures="0" tests="2" name="Car Loan" time="0.006" errors="0" timestamp="2023-07-04T17:00:40 IST">
  <testcase classname="com.Test.Day3" name="APiCarLogin" time="0.001"/>
  <testcase classname="com.Test.Day3" name="MobileCarLogin" time="0.001"/>
  <testcase classname="com.Test.Day3" name="WebCarlogin" time="0.0">
    <ignored/>
  </testcase> <!-- WebCarlogin -->
</testsuite> <!-- Car Loan -->
