<?xml version="1.0" encoding="UTF-8"?>
<!-- Generated by org.testng.reporters.JUnitXMLReporter -->
<testsuite ignored="0" hostname="abhishreshthag-w" failures="0" tests="6" name="Personal Loan" time="0.051" errors="0" timestamp="2023-07-04T17:00:40 IST">
  <testcase classname="com.Test.Day2" name="Second" time="0.004"/>
  <testcase classname="com.Test.Day1" name="Demo" time="0.001"/>
  <testcase classname="com.Test.Day1" name="second" time="0.002"/>
  <testcase classname="com.Test.Day4" name="APiLoginhome" time="0.001"/>
  <testcase classname="com.Test.Day4" name="MobileLoginhome" time="0.002"/>
  <testcase classname="com.Test.Day4" name="Webloginhome" time="0.001"/>
</testsuite> <!-- Personal Loan -->
