<?xml version="1.0" encoding="UTF-8"?>
<!-- Generated by org.testng.reporters.JUnitXMLReporter -->
<testsuite ignored="6" hostname="abhishreshthag-w" failures="0" tests="4" name="Regression" time="0.065" errors="0" timestamp="2023-07-06T15:32:50 IST">
  <testcase classname="com.Test.Day1" name="Demo" time="0.01"/>
  <testcase classname="com.Test.Day2" name="Second" time="0.001"/>
  <testcase classname="com.Test.Day3" name="APiCarLogin" time="0.003"/>
  <testcase classname="com.Test.Day4" name="APiLoginhome" time="0.001"/>
  <testcase classname="com.Test.Day1" name="second" time="0.0">
    <ignored/>
  </testcase> <!-- second -->
  <testcase classname="com.Test.Day3" name="AndroiCarLogin" time="0.0">
    <ignored/>
  </testcase> <!-- AndroiCarLogin -->
  <testcase classname="com.Test.Day3" name="MobileCarLogin" time="0.0">
    <ignored/>
  </testcase> <!-- MobileCarLogin -->
  <testcase classname="com.Test.Day4" name="MobileLoginhome" time="0.0">
    <ignored/>
  </testcase> <!-- MobileLoginhome -->
  <testcase classname="com.Test.Day4" name="Webloginhome" time="0.0">
    <ignored/>
  </testcase> <!-- Webloginhome -->
  <testcase classname="com.Test.Day3" name="WebCarlogin" time="0.0">
    <ignored/>
  </testcase> <!-- WebCarlogin -->
</testsuite> <!-- Regression -->
